# JRE version: OpenJDK Runtime Environment (11.0.7+10) (build 11.0.7+10-LTS)
# Java VM: OpenJDK 64-Bit Server VM (11.0.7+10-LTS, mixed mode, tiered, compressed oops, g1 gc, linux-amd64)
Heap:
 garbage-first heap   total 256000K, used 152913K [0x00000000e0000000, 0x0000000100000000)
  region size 1024K, 43 young (44032K), 11 survivors (11264K)
 Metaspace       used 111882K, capacity 114693K, committed 114928K, reserved 1150976K
  class space    used 12124K, capacity 13175K, committed 13208K, reserved 1048576K
GC Heap History (20 events):
Event: 37,445 GC heap before
{Heap before GC invocations=56 (full 0):
 garbage-first heap   total 256000K, used 115328K [0x00000000e0000000, 0x0000000100000000)
  region size 1024K, 12 young (12288K), 2 survivors (2048K)
 Metaspace       used 111123K, capacity 113870K, committed 114160K, reserved 1150976K
  class space    used 12110K, capacity 13126K, committed 13208K, reserved 1048576K
}
Event: 37,455 GC heap after
{Heap after GC invocations=57 (full 0):
 garbage-first heap   total 256000K, used 93860K [0x00000000e0000000, 0x0000000100000000)
  region size 1024K, 1 young (1024K), 1 survivors (1024K)
 Metaspace       used 111123K, capacity 113870K, committed 114160K, reserved 1150976K
  class space    used 12110K, capacity 13126K, committed 13208K, reserved 1048576K
}
Event: 37,953 GC heap before
{Heap before GC invocations=57 (full 0):
 garbage-first heap   total 256000K, used 210596K [0x00000000e0000000, 0x0000000100000000)
  region size 1024K, 115 young (117760K), 1 survivors (1024K)
 Metaspace       used 111165K, capacity 113941K, committed 114160K, reserved 1150976K
  class space    used 12111K, capacity 13127K, committed 13208K, reserved 1048576K
}
Event: 37,977 GC heap after
{Heap after GC invocations=58 (full 0):
 garbage-first heap   total 256000K, used 97116K [0x00000000e0000000, 0x0000000100000000)
  region size 1024K, 4 young (4096K), 4 survivors (4096K)
 Metaspace       used 111165K, capacity 113941K, committed 114160K, reserved 1150976K
  class space    used 12111K, capacity 13127K, committed 13208K, reserved 1048576K
}
Event: 38,644 GC heap before
{Heap before GC invocations=58 (full 0):
 garbage-first heap   total 256000K, used 212828K [0x00000000e0000000, 0x0000000100000000)
  region size 1024K, 117 young (119808K), 4 survivors (4096K)
 Metaspace       used 111206K, capacity 113941K, committed 114160K, reserved 1150976K
  class space    used 12111K, capacity 13127K, committed 13208K, reserved 1048576K
}
Event: 38,656 GC heap after
{Heap after GC invocations=59 (full 0):
 garbage-first heap   total 256000K, used 101257K [0x00000000e0000000, 0x0000000100000000)
  region size 1024K, 8 young (8192K), 8 survivors (8192K)
 Metaspace       used 111206K, capacity 113941K, committed 114160K, reserved 1150976K
  class space    used 12111K, capacity 13127K, committed 13208K, reserved 1048576K
}
Event: 39,367 GC heap before
{Heap before GC invocations=59 (full 0):
 garbage-first heap   total 256000K, used 214921K [0x00000000e0000000, 0x0000000100000000)
  region size 1024K, 119 young (121856K), 8 survivors (8192K)
 Metaspace       used 111384K, capacity 114149K, committed 114416K, reserved 1150976K
  class space    used 12114K, capacity 13130K, committed 13208K, reserved 1048576K
}
Event: 39,380 GC heap after
{Heap after GC invocations=60 (full 0):
 garbage-first heap   total 256000K, used 105423K [0x00000000e0000000, 0x0000000100000000)
  region size 1024K, 12 young (12288K), 12 survivors (12288K)
 Metaspace       used 111384K, capacity 114149K, committed 114416K, reserved 1150976K
  class space    used 12114K, capacity 13130K, committed 13208K, reserved 1048576K
}
Event: 39,875 GC heap before
{Heap before GC invocations=60 (full 0):
 garbage-first heap   total 256000K, used 216015K [0x00000000e0000000, 0x0000000100000000)
  region size 1024K, 120 young (122880K), 12 survivors (12288K)
 Metaspace       used 111406K, capacity 114151K, committed 114416K, reserved 1150976K
  class space    used 12114K, capacity 13130K, committed 13208K, reserved 1048576K
}
Event: 39,890 GC heap after
{Heap after GC invocations=61 (full 0):
 garbage-first heap   total 256000K, used 108764K [0x00000000e0000000, 0x0000000100000000)
  region size 1024K, 8 young (8192K), 8 survivors (8192K)
 Metaspace       used 111406K, capacity 114151K, committed 114416K, reserved 1150976K
  class space    used 12114K, capacity 13130K, committed 13208K, reserved 1048576K
}
Event: 40,355 GC heap before
{Heap before GC invocations=61 (full 0):
 garbage-first heap   total 256000K, used 217308K [0x00000000e0000000, 0x0000000100000000)
  region size 1024K, 114 young (116736K), 8 survivors (8192K)
 Metaspace       used 111442K, capacity 114158K, committed 114416K, reserved 1150976K
  class space    used 12114K, capacity 13131K, committed 13208K, reserved 1048576K
}
Event: 40,369 GC heap after
{Heap after GC invocations=62 (full 0):
 garbage-first heap   total 256000K, used 111824K [0x00000000e0000000, 0x0000000100000000)
  region size 1024K, 11 young (11264K), 11 survivors (11264K)
 Metaspace       used 111442K, capacity 114158K, committed 114416K, reserved 1150976K
  class space    used 12114K, capacity 13131K, committed 13208K, reserved 1048576K
}
Event: 40,792 GC heap before
{Heap before GC invocations=62 (full 0):
 garbage-first heap   total 256000K, used 218320K [0x00000000e0000000, 0x0000000100000000)
  region size 1024K, 115 young (117760K), 11 survivors (11264K)
 Metaspace       used 111467K, capacity 114234K, committed 114416K, reserved 1150976K
  class space    used 12116K, capacity 13134K, committed 13208K, reserved 1048576K
}
Event: 40,806 GC heap after
{Heap after GC invocations=63 (full 0):
 garbage-first heap   total 256000K, used 115488K [0x00000000e0000000, 0x0000000100000000)
  region size 1024K, 11 young (11264K), 11 survivors (11264K)
 Metaspace       used 111467K, capacity 114234K, committed 114416K, reserved 1150976K
  class space    used 12116K, capacity 13134K, committed 13208K, reserved 1048576K
}
Event: 41,274 GC heap before
{Heap before GC invocations=63 (full 0):
 garbage-first heap   total 256000K, used 217888K [0x00000000e0000000, 0x0000000100000000)
  region size 1024K, 111 young (113664K), 11 survivors (11264K)
 Metaspace       used 111544K, capacity 114324K, committed 114672K, reserved 1150976K
  class space    used 12120K, capacity 13141K, committed 13208K, reserved 1048576K
}
Event: 41,289 GC heap after
{Heap after GC invocations=64 (full 0):
 garbage-first heap   total 256000K, used 114607K [0x00000000e0000000, 0x0000000100000000)
  region size 1024K, 8 young (8192K), 8 survivors (8192K)
 Metaspace       used 111544K, capacity 114324K, committed 114672K, reserved 1150976K
  class space    used 12120K, capacity 13141K, committed 13208K, reserved 1048576K
}
Event: 41,902 GC heap before
{Heap before GC invocations=64 (full 0):
 garbage-first heap   total 256000K, used 220079K [0x00000000e0000000, 0x0000000100000000)
  region size 1024K, 111 young (113664K), 8 survivors (8192K)
 Metaspace       used 111655K, capacity 114496K, committed 114672K, reserved 1150976K
  class space    used 12124K, capacity 13175K, committed 13208K, reserved 1048576K
}
Event: 41,918 GC heap after
{Heap after GC invocations=65 (full 0):
 garbage-first heap   total 256000K, used 117428K [0x00000000e0000000, 0x0000000100000000)
  region size 1024K, 9 young (9216K), 9 survivors (9216K)
 Metaspace       used 111655K, capacity 114496K, committed 114672K, reserved 1150976K
  class space    used 12124K, capacity 13175K, committed 13208K, reserved 1048576K
}
Event: 42,519 GC heap before
{Heap before GC invocations=65 (full 0):
 garbage-first heap   total 256000K, used 219828K [0x00000000e0000000, 0x0000000100000000)
  region size 1024K, 109 young (111616K), 9 survivors (9216K)
 Metaspace       used 111881K, capacity 114693K, committed 114928K, reserved 1150976K
  class space    used 12124K, capacity 13175K, committed 13208K, reserved 1048576K
}
Event: 42,527 GC heap after
{Heap after GC invocations=66 (full 0):
 garbage-first heap   total 256000K, used 121169K [0x00000000e0000000, 0x0000000100000000)
  region size 1024K, 11 young (11264K), 11 survivors (11264K)
 Metaspace       used 111881K, capacity 114693K, committed 114928K, reserved 1150976K
  class space    used 12124K, capacity 13175K, committed 13208K, reserved 1048576K
}

